{"/Users/carolineamanquah/Desktop/gov-form/Form/server.js": {"path":"/Users/carolineamanquah/Desktop/gov-form/Form/server.js","statementMap":{"0":{"start":{"line":187,"column":13},"end":{"line":187,"column":34}},"1":{"start":{"line":188,"column":13},"end":{"line":188,"column":28}},"2":{"start":{"line":189,"column":11},"end":{"line":189,"column":24}},"3":{"start":{"line":190,"column":13},"end":{"line":190,"column":28}},"4":{"start":{"line":191,"column":12},"end":{"line":191,"column":26}},"5":{"start":{"line":193,"column":13},"end":{"line":343,"column":1}},"6":{"start":{"line":194,"column":17},"end":{"line":197,"column":4}},"7":{"start":{"line":199,"column":2},"end":{"line":199,"column":48}},"8":{"start":{"line":201,"column":2},"end":{"line":210,"column":5}},"9":{"start":{"line":212,"column":2},"end":{"line":220,"column":5}},"10":{"start":{"line":222,"column":2},"end":{"line":230,"column":5}},"11":{"start":{"line":232,"column":27},"end":{"line":268,"column":4}},"12":{"start":{"line":270,"column":2},"end":{"line":312,"column":5}},"13":{"start":{"line":274,"column":31},"end":{"line":274,"column":73}},"14":{"start":{"line":275,"column":6},"end":{"line":279,"column":7}},"15":{"start":{"line":276,"column":8},"end":{"line":278,"column":21}},"16":{"start":{"line":280,"column":22},"end":{"line":280,"column":27}},"17":{"start":{"line":281,"column":6},"end":{"line":281,"column":56}},"18":{"start":{"line":283,"column":23},"end":{"line":283,"column":50}},"19":{"start":{"line":284,"column":24},"end":{"line":284,"column":52}},"20":{"start":{"line":285,"column":25},"end":{"line":285,"column":27}},"21":{"start":{"line":287,"column":6},"end":{"line":296,"column":7}},"22":{"start":{"line":288,"column":21},"end":{"line":288,"column":54}},"23":{"start":{"line":289,"column":8},"end":{"line":289,"column":40}},"24":{"start":{"line":291,"column":8},"end":{"line":295,"column":9}},"25":{"start":{"line":292,"column":10},"end":{"line":292,"column":67}},"26":{"start":{"line":294,"column":10},"end":{"line":294,"column":55}},"27":{"start":{"line":298,"column":6},"end":{"line":298,"column":33}},"28":{"start":{"line":300,"column":6},"end":{"line":308,"column":7}},"29":{"start":{"line":301,"column":8},"end":{"line":301,"column":74}},"30":{"start":{"line":302,"column":8},"end":{"line":302,"column":47}},"31":{"start":{"line":304,"column":8},"end":{"line":304,"column":56}},"32":{"start":{"line":305,"column":8},"end":{"line":307,"column":21}},"33":{"start":{"line":310,"column":6},"end":{"line":310,"column":72}},"34":{"start":{"line":314,"column":2},"end":{"line":338,"column":5}},"35":{"start":{"line":318,"column":23},"end":{"line":318,"column":50}},"36":{"start":{"line":319,"column":25},"end":{"line":319,"column":27}},"37":{"start":{"line":321,"column":6},"end":{"line":334,"column":7}},"38":{"start":{"line":322,"column":21},"end":{"line":322,"column":54}},"39":{"start":{"line":323,"column":8},"end":{"line":323,"column":40}},"40":{"start":{"line":325,"column":8},"end":{"line":333,"column":9}},"41":{"start":{"line":326,"column":10},"end":{"line":326,"column":67}},"42":{"start":{"line":327,"column":10},"end":{"line":327,"column":42}},"43":{"start":{"line":329,"column":10},"end":{"line":329,"column":55}},"44":{"start":{"line":330,"column":10},"end":{"line":332,"column":23}},"45":{"start":{"line":336,"column":6},"end":{"line":336,"column":48}},"46":{"start":{"line":340,"column":2},"end":{"line":340,"column":23}},"47":{"start":{"line":341,"column":2},"end":{"line":341,"column":54}},"48":{"start":{"line":342,"column":2},"end":{"line":342,"column":16}},"49":{"start":{"line":345,"column":0},"end":{"line":348,"column":3}},"50":{"start":{"line":346,"column":2},"end":{"line":346,"column":43}},"51":{"start":{"line":347,"column":2},"end":{"line":347,"column":18}},"52":{"start":{"line":350,"column":0},"end":{"line":355,"column":1}},"53":{"start":{"line":351,"column":2},"end":{"line":354,"column":5}},"54":{"start":{"line":352,"column":4},"end":{"line":352,"column":23}},"55":{"start":{"line":353,"column":4},"end":{"line":353,"column":20}},"56":{"start":{"line":357,"column":0},"end":{"line":357,"column":22}}},"fnMap":{"0":{"name":"(anonymous_0)","decl":{"start":{"line":193,"column":13},"end":{"line":193,"column":14}},"loc":{"start":{"line":193,"column":56},"end":{"line":343,"column":1}},"line":193},"1":{"name":"(anonymous_1)","decl":{"start":{"line":273,"column":13},"end":{"line":273,"column":14}},"loc":{"start":{"line":273,"column":35},"end":{"line":311,"column":5}},"line":273},"2":{"name":"(anonymous_2)","decl":{"start":{"line":317,"column":13},"end":{"line":317,"column":14}},"loc":{"start":{"line":317,"column":35},"end":{"line":337,"column":5}},"line":317},"3":{"name":"(anonymous_3)","decl":{"start":{"line":345,"column":33},"end":{"line":345,"column":34}},"loc":{"start":{"line":345,"column":42},"end":{"line":348,"column":1}},"line":345},"4":{"name":"(anonymous_4)","decl":{"start":{"line":351,"column":15},"end":{"line":351,"column":16}},"loc":{"start":{"line":351,"column":24},"end":{"line":354,"column":3}},"line":351}},"branchMap":{"0":{"loc":{"start":{"line":193,"column":20},"end":{"line":193,"column":51}},"type":"default-arg","locations":[{"start":{"line":193,"column":27},"end":{"line":193,"column":51}}],"line":193},"1":{"loc":{"start":{"line":193,"column":27},"end":{"line":193,"column":51}},"type":"binary-expr","locations":[{"start":{"line":193,"column":27},"end":{"line":193,"column":43}},{"start":{"line":193,"column":47},"end":{"line":193,"column":51}}],"line":193},"2":{"loc":{"start":{"line":275,"column":6},"end":{"line":279,"column":7}},"type":"if","locations":[{"start":{"line":275,"column":6},"end":{"line":279,"column":7}},{"start":{},"end":{}}],"line":275},"3":{"loc":{"start":{"line":291,"column":8},"end":{"line":295,"column":9}},"type":"if","locations":[{"start":{"line":291,"column":8},"end":{"line":295,"column":9}},{"start":{"line":293,"column":15},"end":{"line":295,"column":9}}],"line":291},"4":{"loc":{"start":{"line":325,"column":8},"end":{"line":333,"column":9}},"type":"if","locations":[{"start":{"line":325,"column":8},"end":{"line":333,"column":9}},{"start":{"line":328,"column":15},"end":{"line":333,"column":9}}],"line":325},"5":{"loc":{"start":{"line":350,"column":0},"end":{"line":355,"column":1}},"type":"if","locations":[{"start":{"line":350,"column":0},"end":{"line":355,"column":1}},{"start":{},"end":{}}],"line":350}},"s":{"0":1,"1":1,"2":1,"3":1,"4":1,"5":1,"6":1,"7":1,"8":1,"9":1,"10":1,"11":1,"12":1,"13":2,"14":2,"15":0,"16":2,"17":2,"18":2,"19":2,"20":2,"21":2,"22":2,"23":1,"24":1,"25":0,"26":1,"27":2,"28":2,"29":2,"30":1,"31":1,"32":1,"33":1,"34":1,"35":3,"36":3,"37":3,"38":3,"39":1,"40":2,"41":1,"42":1,"43":1,"44":1,"45":1,"46":1,"47":1,"48":1,"49":1,"50":0,"51":0,"52":1,"53":0,"54":0,"55":0,"56":1},"f":{"0":1,"1":2,"2":3,"3":0,"4":0},"b":{"0":[0],"1":[0,0],"2":[0,2],"3":[0,1],"4":[1,1],"5":[0,1]},"_coverageSchema":"1a1c01bbd47fc00a2c39e90264f33305004495a9","hash":"91abc8133d42802ac51688e1af9c1199fa12c6b9"}
}
