{"/Users/carolineamanquah/Desktop/gov-form/Form/server.js": {"path":"/Users/carolineamanquah/Desktop/gov-form/Form/server.js","statementMap":{"0":{"start":{"line":1,"column":13},"end":{"line":1,"column":34}},"1":{"start":{"line":2,"column":13},"end":{"line":2,"column":28}},"2":{"start":{"line":3,"column":11},"end":{"line":3,"column":24}},"3":{"start":{"line":4,"column":13},"end":{"line":4,"column":28}},"4":{"start":{"line":5,"column":12},"end":{"line":5,"column":26}},"5":{"start":{"line":7,"column":13},"end":{"line":157,"column":1}},"6":{"start":{"line":8,"column":17},"end":{"line":11,"column":4}},"7":{"start":{"line":13,"column":2},"end":{"line":13,"column":48}},"8":{"start":{"line":15,"column":2},"end":{"line":24,"column":5}},"9":{"start":{"line":26,"column":2},"end":{"line":34,"column":5}},"10":{"start":{"line":36,"column":2},"end":{"line":44,"column":5}},"11":{"start":{"line":46,"column":27},"end":{"line":82,"column":4}},"12":{"start":{"line":84,"column":2},"end":{"line":126,"column":5}},"13":{"start":{"line":88,"column":31},"end":{"line":88,"column":73}},"14":{"start":{"line":89,"column":6},"end":{"line":93,"column":7}},"15":{"start":{"line":90,"column":8},"end":{"line":92,"column":21}},"16":{"start":{"line":94,"column":22},"end":{"line":94,"column":27}},"17":{"start":{"line":95,"column":6},"end":{"line":95,"column":56}},"18":{"start":{"line":97,"column":23},"end":{"line":97,"column":50}},"19":{"start":{"line":98,"column":24},"end":{"line":98,"column":52}},"20":{"start":{"line":99,"column":25},"end":{"line":99,"column":27}},"21":{"start":{"line":101,"column":6},"end":{"line":110,"column":7}},"22":{"start":{"line":102,"column":21},"end":{"line":102,"column":54}},"23":{"start":{"line":103,"column":8},"end":{"line":103,"column":40}},"24":{"start":{"line":105,"column":8},"end":{"line":109,"column":9}},"25":{"start":{"line":106,"column":10},"end":{"line":106,"column":67}},"26":{"start":{"line":108,"column":10},"end":{"line":108,"column":55}},"27":{"start":{"line":112,"column":6},"end":{"line":112,"column":33}},"28":{"start":{"line":114,"column":6},"end":{"line":122,"column":7}},"29":{"start":{"line":115,"column":8},"end":{"line":115,"column":74}},"30":{"start":{"line":116,"column":8},"end":{"line":116,"column":47}},"31":{"start":{"line":118,"column":8},"end":{"line":118,"column":56}},"32":{"start":{"line":119,"column":8},"end":{"line":121,"column":21}},"33":{"start":{"line":124,"column":6},"end":{"line":124,"column":72}},"34":{"start":{"line":128,"column":2},"end":{"line":152,"column":5}},"35":{"start":{"line":132,"column":23},"end":{"line":132,"column":50}},"36":{"start":{"line":133,"column":25},"end":{"line":133,"column":27}},"37":{"start":{"line":135,"column":6},"end":{"line":148,"column":7}},"38":{"start":{"line":136,"column":21},"end":{"line":136,"column":54}},"39":{"start":{"line":137,"column":8},"end":{"line":137,"column":40}},"40":{"start":{"line":139,"column":8},"end":{"line":147,"column":9}},"41":{"start":{"line":140,"column":10},"end":{"line":140,"column":67}},"42":{"start":{"line":141,"column":10},"end":{"line":141,"column":42}},"43":{"start":{"line":143,"column":10},"end":{"line":143,"column":55}},"44":{"start":{"line":144,"column":10},"end":{"line":146,"column":23}},"45":{"start":{"line":150,"column":6},"end":{"line":150,"column":48}},"46":{"start":{"line":154,"column":2},"end":{"line":154,"column":23}},"47":{"start":{"line":155,"column":2},"end":{"line":155,"column":54}},"48":{"start":{"line":156,"column":2},"end":{"line":156,"column":16}},"49":{"start":{"line":159,"column":0},"end":{"line":162,"column":3}},"50":{"start":{"line":160,"column":2},"end":{"line":160,"column":43}},"51":{"start":{"line":161,"column":2},"end":{"line":161,"column":18}},"52":{"start":{"line":164,"column":0},"end":{"line":169,"column":1}},"53":{"start":{"line":165,"column":2},"end":{"line":168,"column":5}},"54":{"start":{"line":166,"column":4},"end":{"line":166,"column":23}},"55":{"start":{"line":167,"column":4},"end":{"line":167,"column":20}},"56":{"start":{"line":171,"column":0},"end":{"line":171,"column":22}}},"fnMap":{"0":{"name":"(anonymous_0)","decl":{"start":{"line":7,"column":13},"end":{"line":7,"column":14}},"loc":{"start":{"line":7,"column":56},"end":{"line":157,"column":1}},"line":7},"1":{"name":"(anonymous_1)","decl":{"start":{"line":87,"column":13},"end":{"line":87,"column":14}},"loc":{"start":{"line":87,"column":35},"end":{"line":125,"column":5}},"line":87},"2":{"name":"(anonymous_2)","decl":{"start":{"line":131,"column":13},"end":{"line":131,"column":14}},"loc":{"start":{"line":131,"column":35},"end":{"line":151,"column":5}},"line":131},"3":{"name":"(anonymous_3)","decl":{"start":{"line":159,"column":33},"end":{"line":159,"column":34}},"loc":{"start":{"line":159,"column":42},"end":{"line":162,"column":1}},"line":159},"4":{"name":"(anonymous_4)","decl":{"start":{"line":165,"column":15},"end":{"line":165,"column":16}},"loc":{"start":{"line":165,"column":24},"end":{"line":168,"column":3}},"line":165}},"branchMap":{"0":{"loc":{"start":{"line":7,"column":20},"end":{"line":7,"column":51}},"type":"default-arg","locations":[{"start":{"line":7,"column":27},"end":{"line":7,"column":51}}],"line":7},"1":{"loc":{"start":{"line":7,"column":27},"end":{"line":7,"column":51}},"type":"binary-expr","locations":[{"start":{"line":7,"column":27},"end":{"line":7,"column":43}},{"start":{"line":7,"column":47},"end":{"line":7,"column":51}}],"line":7},"2":{"loc":{"start":{"line":89,"column":6},"end":{"line":93,"column":7}},"type":"if","locations":[{"start":{"line":89,"column":6},"end":{"line":93,"column":7}},{"start":{},"end":{}}],"line":89},"3":{"loc":{"start":{"line":105,"column":8},"end":{"line":109,"column":9}},"type":"if","locations":[{"start":{"line":105,"column":8},"end":{"line":109,"column":9}},{"start":{"line":107,"column":15},"end":{"line":109,"column":9}}],"line":105},"4":{"loc":{"start":{"line":139,"column":8},"end":{"line":147,"column":9}},"type":"if","locations":[{"start":{"line":139,"column":8},"end":{"line":147,"column":9}},{"start":{"line":142,"column":15},"end":{"line":147,"column":9}}],"line":139},"5":{"loc":{"start":{"line":164,"column":0},"end":{"line":169,"column":1}},"type":"if","locations":[{"start":{"line":164,"column":0},"end":{"line":169,"column":1}},{"start":{},"end":{}}],"line":164}},"s":{"0":1,"1":1,"2":1,"3":1,"4":1,"5":1,"6":1,"7":1,"8":1,"9":1,"10":1,"11":1,"12":1,"13":4,"14":4,"15":2,"16":2,"17":2,"18":2,"19":2,"20":2,"21":2,"22":2,"23":1,"24":1,"25":0,"26":1,"27":2,"28":2,"29":2,"30":1,"31":1,"32":1,"33":1,"34":1,"35":4,"36":4,"37":4,"38":4,"39":2,"40":3,"41":1,"42":1,"43":2,"44":2,"45":1,"46":1,"47":1,"48":1,"49":1,"50":1,"51":1,"52":1,"53":0,"54":0,"55":0,"56":1},"f":{"0":1,"1":4,"2":4,"3":1,"4":0},"b":{"0":[0],"1":[0,0],"2":[2,2],"3":[0,1],"4":[1,2],"5":[0,1]},"_coverageSchema":"1a1c01bbd47fc00a2c39e90264f33305004495a9","hash":"14bfeb602fbe99f91a6c90762745e02c430cde45"}
}
