TN:
SF:server.js
FN:7,(anonymous_0)
FN:87,(anonymous_1)
FN:131,(anonymous_2)
FN:159,(anonymous_3)
FN:165,(anonymous_4)
FNF:5
FNH:3
FNDA:1,(anonymous_0)
FNDA:2,(anonymous_1)
FNDA:3,(anonymous_2)
FNDA:0,(anonymous_3)
FNDA:0,(anonymous_4)
DA:1,1
DA:2,1
DA:3,1
DA:4,1
DA:5,1
DA:7,1
DA:8,1
DA:13,1
DA:15,1
DA:26,1
DA:36,1
DA:46,1
DA:84,1
DA:88,2
DA:89,2
DA:90,0
DA:94,2
DA:95,2
DA:97,2
DA:98,2
DA:99,2
DA:101,2
DA:102,2
DA:103,1
DA:105,1
DA:106,0
DA:108,1
DA:112,2
DA:114,2
DA:115,2
DA:116,1
DA:118,1
DA:119,1
DA:124,1
DA:128,1
DA:132,3
DA:133,3
DA:135,3
DA:136,3
DA:137,1
DA:139,2
DA:140,1
DA:141,1
DA:143,1
DA:144,1
DA:150,1
DA:154,1
DA:155,1
DA:156,1
DA:159,1
DA:160,0
DA:161,0
DA:164,1
DA:165,0
DA:166,0
DA:167,0
DA:171,1
LF:57
LH:50
BRDA:7,0,0,0
BRDA:7,1,0,0
BRDA:7,1,1,0
BRDA:89,2,0,0
BRDA:89,2,1,2
BRDA:105,3,0,0
BRDA:105,3,1,1
BRDA:139,4,0,1
BRDA:139,4,1,1
BRDA:164,5,0,0
BRDA:164,5,1,1
BRF:11
BRH:5
end_of_record
