TN:
SF:server.js
FN:7,(anonymous_0)
FN:71,(anonymous_1)
FN:76,(anonymous_2)
FN:116,(anonymous_3)
FN:144,(anonymous_4)
FN:150,(anonymous_5)
FNF:6
FNH:4
FNDA:1,(anonymous_0)
FNDA:1,(anonymous_1)
FNDA:2,(anonymous_2)
FNDA:3,(anonymous_3)
FNDA:0,(anonymous_4)
FNDA:0,(anonymous_5)
DA:1,1
DA:2,1
DA:3,1
DA:4,1
DA:5,1
DA:7,1
DA:8,1
DA:14,1
DA:17,1
DA:29,1
DA:40,1
DA:50,1
DA:65,1
DA:72,1
DA:77,2
DA:78,2
DA:80,2
DA:81,2
DA:82,2
DA:84,2
DA:85,2
DA:86,2
DA:88,0
DA:89,0
DA:91,0
DA:92,0
DA:96,2
DA:98,2
DA:99,2
DA:100,1
DA:102,1
DA:103,1
DA:108,1
DA:113,1
DA:117,3
DA:118,3
DA:120,3
DA:121,3
DA:122,1
DA:124,2
DA:125,1
DA:126,1
DA:128,1
DA:129,1
DA:135,1
DA:139,1
DA:140,1
DA:141,1
DA:144,1
DA:145,0
DA:146,0
DA:149,1
DA:150,0
DA:151,0
DA:152,0
DA:156,1
LF:56
LH:47
BRDA:7,0,0,0
BRDA:7,1,0,0
BRDA:7,1,1,0
BRDA:88,2,0,0
BRDA:88,2,1,0
BRDA:124,3,0,1
BRDA:124,3,1,1
BRDA:149,4,0,0
BRDA:149,4,1,1
BRF:9
BRH:3
end_of_record
